\BOOKMARK [0][-]{chapter*.2}{\376\377\000\332\000v\000o\000d}{}% 1
\BOOKMARK [0][-]{chapter.1}{\376\377\000M\000a\000t\000e\000m\000a\000t\000i\000c\000k\000\375\000\040\000m\000o\000d\000e\000l}{}% 2
\BOOKMARK [1][-]{section.1.1}{\376\377\000P\000o\000p\000i\000s\000\040\000d\000y\000n\000a\000m\000i\000k\000y\000\040\000t\000e\000k\000u\000t\000i\000n\000y}{chapter.1}% 3
\BOOKMARK [1][-]{section.1.2}{\376\377\000V\000e\000d\000e\000n\000\355\000\040\000t\000e\000p\000l\000a}{chapter.1}% 4
\BOOKMARK [1][-]{section.1.3}{\376\377\000C\000h\000a\000r\000a\000k\000t\000e\000r\000i\000s\000t\000i\000c\000k\000\351\000\040\000v\000e\000l\000i\001\015\000i\000n\000y}{chapter.1}% 5
\BOOKMARK [1][-]{section.1.4}{\376\377\000F\000o\000r\000m\000u\000l\000a\000c\000e\000\040\0003\000D\000\040\000\372\000l\000o\000h\000y}{chapter.1}% 6
\BOOKMARK [0][-]{chapter.2}{\376\377\000M\001\131\000\355\001\176\000k\000o\000v\000\341\000\040\000B\000o\000l\000t\000z\000m\000a\000n\000n\000o\000v\000a\000\040\000m\000e\000t\000o\000d\000a}{}% 7
\BOOKMARK [1][-]{section.2.1}{\376\377\000D\000i\000s\000k\000r\000e\000t\000i\000z\000a\000c\000e\000\040\000L\000B\000M}{chapter.2}% 8
\BOOKMARK [1][-]{section.2.2}{\376\377\000P\001\131\000e\000c\000h\000o\000d\000\040\000k\000\040\000b\000e\000z\000r\000o\000z\000m\001\033\000r\000n\000\351\000m\000u\000\040\000s\000y\000s\000t\000\351\000m\000u\000\040\000j\000e\000d\000n\000o\000t\000e\000k}{chapter.2}% 9
\BOOKMARK [1][-]{section.2.3}{\376\377\000N\000u\000m\000e\000r\000i\000c\000k\000\351\000\040\000s\000c\000h\000\351\000m\000a\000\040\000p\000r\000o\000\040\000p\000r\000o\000u\000d\001\033\000n\000\355\000\040\000t\000e\000k\000u\000t\000i\000n\000y}{chapter.2}% 10
\BOOKMARK [2][-]{subsection.2.3.1}{\376\377\000P\000o\001\015\000\341\000t\000e\001\015\000n\000\355\000\040\000a\000\040\000o\000k\000r\000a\000j\000o\000v\000\351\000\040\000p\000o\000d\000m\000\355\000n\000k\000y}{section.2.3}% 11
\BOOKMARK [1][-]{section.2.4}{\376\377\000N\000u\000m\000e\000r\000i\000c\000k\000\351\000\040\000s\000c\000h\000\351\000m\000a\000\040\000p\000r\000o\000\040\000v\000e\000d\000e\000n\000\355\000\040\000t\000e\000p\000l\000a}{chapter.2}% 12
\BOOKMARK [2][-]{subsection.2.4.1}{\376\377\000P\000o\001\015\000\341\000t\000e\001\015\000n\000\355\000\040\000a\000\040\000o\000k\000r\000a\000j\000o\000v\000\351\000\040\000p\000o\000d\000m\000\355\000n\000k\000y}{section.2.4}% 13
\BOOKMARK [1][-]{section.2.5}{\376\377\000I\000n\000a\000m\000u\000r\000o\000v\000a\000\040\000o\000k\000r\000a\000j\000o\000v\000\341\000\040\000p\000o\000d\000m\000\355\000n\000k\000a\000\040\000p\000r\000o\000\040\000p\001\131\000e\000s\000t\000u\000p\000\040\000t\000e\000p\000l\000a}{chapter.2}% 14
\BOOKMARK [1][-]{section.2.6}{\376\377\000S\000y\000m\000e\000t\000r\000i\000c\000k\000\341\000\040\000o\000k\000r\000a\000j\000o\000v\000\341\000\040\000p\000o\000d\000m\000\355\000n\000k\000a}{chapter.2}% 15
\BOOKMARK [1][-]{section.2.7}{\376\377\000A\000l\000g\000o\000r\000i\000t\000m\000u\000s\000\040\000L\000B\000M}{chapter.2}% 16
\BOOKMARK [0][-]{chapter.3}{\376\377\000I\000m\000p\000l\000e\000m\000e\000n\000t\000a\000c\000e}{}% 17
\BOOKMARK [1][-]{section.3.1}{\376\377\000D\000a\000t\000o\000v\000\351\000\040\000s\000t\000r\000u\000k\000t\000u\000r\000y\000\040\000p\000r\000o\000\040\000i\000m\000p\000l\000e\000m\000e\000n\000t\000a\000c\000i\000\040\000L\000B\000M}{chapter.3}% 18
\BOOKMARK [2][-]{subsection.3.1.1}{\376\377\000P\000o\000l\000e\000\040\000p\000r\000o\000\040\000d\000i\000f\000u\000z\000n\000\355\000\040\000k\000o\000e\000f\000i\000c\000i\000e\000n\000t}{section.3.1}% 19
\BOOKMARK [2][-]{subsection.3.1.2}{\376\377\000P\000o\000z\000n\000\341\000m\000k\000y\000\040\000k\000\040\000p\000o\001\015\000\355\000t\000\341\000n\000\355\000\040\000n\000a\000\040\000v\000\355\000c\000e\000\040\000g\000r\000a\000f\000i\000c\000k\000\375\000c\000h\000\040\000k\000a\000r\000t\000\341\000c\000h}{section.3.1}% 20
\BOOKMARK [1][-]{section.3.2}{\376\377\000I\000m\000p\000l\000e\000m\000e\000n\000t\000a\000c\000e\000\040\000p\001\131\000e\000s\000t\000u\000p\000o\000v\000\351\000\040\000p\000o\000d\000m\000\355\000n\000k\000y\000\040\000p\000r\000o\000\040\000A\000D\000R\000\040\000s\000c\000h\000\351\000m\000a}{chapter.3}% 21
\BOOKMARK [0][-]{chapter.4}{\376\377\000V\000\375\000s\000l\000e\000d\000k\000y}{}% 22
\BOOKMARK [1][-]{section.4.1}{\376\377\000I\000m\000p\000l\000e\000m\000e\000n\000t\000a\000c\000e\000\040\000p\000r\000o\000s\000t\000o\000r\000o\000v\001\033\000\040\000p\000r\000o\000m\001\033\000n\000l\000i\000v\000\351\000\040\000d\000i\000f\000u\000z\000e}{chapter.4}% 23
\BOOKMARK [1][-]{section.4.2}{\376\377\000T\000e\000s\000t\000o\000v\000\341\000n\000\355\000\040\000p\001\131\000e\000s\000t\000u\000p\000o\000v\000\351\000\040\000o\000k\000r\000a\000j\000o\000v\000\351\000\040\000p\000o\000d\000m\000\355\000n\000k\000y}{chapter.4}% 24
\BOOKMARK [2][-]{subsection.4.2.1}{\376\377\000P\001\131\000e\000s\000t\000u\000p\000o\000v\000\341\000\040\000O\000P}{section.4.2}% 25
\BOOKMARK [2][-]{subsection.4.2.2}{\376\377\000V\000\375\000s\000l\000e\000d\000k\000y\000\040\000\372\000l\000o\000h\000y\000\040\0004\000.\0002\000.\0001}{section.4.2}% 26
\BOOKMARK [2][-]{subsection.4.2.3}{\376\377\000P\000o\000z\000n\000\341\000m\000k\000a\000\040\000k\000\040\000i\000m\000p\000l\000e\000m\000e\000n\000t\000a\000c\000i\000\040\000p\001\131\000e\000s\000t\000u\000p\000o\000v\000\351\000\040\000o\000k\000r\000a\000j\000o\000v\000\351\000\040\000p\000o\000d\000m\000\355\000n\000k\000y}{section.4.2}% 27
\BOOKMARK [1][-]{section.4.3}{\376\377\000T\000e\000s\000t\000o\000v\000\341\000n\000\355\000\040\000k\000o\000n\000v\000e\000r\000g\000e\000n\000c\000e\000\040\000p\001\131\000e\000s\000t\000u\000p\000o\000v\000\351\000\040\000o\000k\000r\000a\000j\000o\000v\000\351\000\040\000p\000o\000d\000m\000\355\000n\000k\000y}{chapter.4}% 28
\BOOKMARK [2][-]{subsection.4.3.1}{\376\377\000P\001\131\000e\000s\000t\000u\000p\000o\000v\000\341\000\040\000O\000P\000\040\000p\000r\000o\000\040\000D\000*\000\040\0001\0000\000-\0003\000\040\000\040\000m\0002\000\040\000\040\000s\000-\0001}{section.4.3}% 29
\BOOKMARK [2][-]{subsection.4.3.2}{\376\377\000V\000\375\000s\000l\000e\000d\000k\000y\000\040\000\372\000l\000o\000h\000y\000\040\0004\000.\0003\000.\0001}{section.4.3}% 30
\BOOKMARK [2][-]{subsection.4.3.3}{\376\377\000P\001\131\000e\000s\000t\000u\000p\000o\000v\000\341\000\040\000O\000P\000\040\000p\000r\000o\000\040\000D\000*\000\040\0001\0000\000-\0005\000\040\000\040\000m\0002\000\040\000\040\000s\000-\0001}{section.4.3}% 31
\BOOKMARK [1][-]{section.4.4}{\376\377\000E\000x\000p\000e\000r\000i\000m\000e\000n\000t\000\040\000C\000U\000B\000I}{chapter.4}% 32
\BOOKMARK [2][-]{subsection.4.4.1}{\376\377\000E\000x\000p\000e\000r\000i\000m\000e\000n\000t\000\040\000C\000U\000B\000I}{section.4.4}% 33
\BOOKMARK [2][-]{subsection.4.4.2}{\376\377\000V\000\375\000s\000l\000e\000d\000k\000y\000\040\000\372\000l\000o\000h\000y\000\040\0004\000.\0004\000.\0001}{section.4.4}% 34
\BOOKMARK [0][-]{chapter*.22}{\376\377\000Z\000\341\000v\001\033\000r}{}% 35
